2018/04/01 11:30:55 [error] [exception.CHttpException.404] CHttpException: Unable to resolve the request "gii". in /Applications/MAMP/htdocs/Yii Root/framework/web/CWebApplication.php:286
Stack trace:
#0 /Applications/MAMP/htdocs/Yii Root/framework/web/CWebApplication.php(141): CWebApplication->runController('gii')
#1 /Applications/MAMP/htdocs/Yii Root/framework/base/CApplication.php(185): CWebApplication->processRequest()
#2 /Applications/MAMP/htdocs/Proyecto V3/index.php(13): CApplication->run()
#3 {main}
REQUEST_URI=/Proyecto%20V3/index.php?r=gii
---
2018/04/01 11:35:33 [error] [system.db.CDbCommand] CDbCommand::fetchAll() failed: SQLSTATE[42S02]: Base table or view not found: 1146 Table 'universidad.tbl_universidad' doesn't exist. The SQL statement executed was: SHOW FULL COLUMNS FROM `tbl_universidad`.
in /Applications/MAMP/htdocs/Proyecto V3/index.php (13)
2018/04/01 11:35:40 [error] [system.db.CDbCommand] CDbCommand::fetchAll() failed: SQLSTATE[42S02]: Base table or view not found: 1146 Table 'universidad.universidad' doesn't exist. The SQL statement executed was: SHOW FULL COLUMNS FROM `universidad`.
in /Applications/MAMP/htdocs/Proyecto V3/index.php (13)
2018/04/01 12:17:18 [error] [exception.CHttpException.404] CHttpException: The system is unable to find the requested action "estudiante". in /Applications/MAMP/htdocs/Yii Root/framework/web/CController.php:486
Stack trace:
#0 /Applications/MAMP/htdocs/Yii Root/framework/web/CController.php(270): CController->missingAction('estudiante')
#1 /Applications/MAMP/htdocs/Yii Root/framework/web/CWebApplication.php(282): CController->run('estudiante')
#2 /Applications/MAMP/htdocs/Yii Root/framework/web/CWebApplication.php(141): CWebApplication->runController('site/estudiante')
#3 /Applications/MAMP/htdocs/Yii Root/framework/base/CApplication.php(185): CWebApplication->processRequest()
#4 /Applications/MAMP/htdocs/Proyecto V3/index.php(13): CApplication->run()
#5 {main}
REQUEST_URI=/Proyecto%20V3/index.php?r=site/estudiante
---
2018/04/03 20:43:49 [error] [exception.CDbException] CDbException: CDbConnection failed to open the DB connection: SQLSTATE[HY000] [1045] Access denied for user 'id4900667_root'@'localhost' (using password: YES) in /Applications/MAMP/htdocs/Yii Root/framework/db/CDbConnection.php:399
Stack trace:
#0 /Applications/MAMP/htdocs/Yii Root/framework/db/CDbConnection.php(347): CDbConnection->open()
#1 /Applications/MAMP/htdocs/Yii Root/framework/db/CDbConnection.php(325): CDbConnection->setActive(true)
#2 /Applications/MAMP/htdocs/Yii Root/framework/base/CModule.php(394): CDbConnection->init()
#3 /Applications/MAMP/htdocs/Yii Root/framework/base/CApplication.php(459): CModule->getComponent('db')
#4 /Applications/MAMP/htdocs/Yii Root/framework/db/ar/CActiveRecord.php(639): CApplication->getDb()
#5 /Applications/MAMP/htdocs/Yii Root/framework/db/ar/CActiveRecord.php(2389): CActiveRecord->getDbConnection()
#6 /Applications/MAMP/htdocs/Yii Root/framework/db/ar/CActiveRecord.php(413): CActiveRecordMetaData->__construct(Object(Estudiante))
#7 /Applications/MAMP/htdocs/Yii Root/framework/db/ar/CActiveRecord.php(79): CActiveRecord->getMetaData()
#8 /Applications/MAMP/htdocs/Proyecto V3/protected/controllers/EstudianteController.php(136): CActiveRecord->__construct('search')
#9 /Applications/MAMP/htdocs/Yii Root/framework/web/actions/CInlineAction.php(49): EstudianteController->actionAdmin()
#10 /Applications/MAMP/htdocs/Yii Root/framework/web/CController.php(308): CInlineAction->runWithParams(Array)
#11 /Applications/MAMP/htdocs/Yii Root/framework/web/filters/CFilterChain.php(134): CController->runAction(Object(CInlineAction))
#12 /Applications/MAMP/htdocs/Yii Root/framework/web/filters/CFilter.php(40): CFilterChain->run()
#13 /Applications/MAMP/htdocs/Yii Root/framework/web/CController.php(1148): CFilter->filter(Object(CFilterChain))
#14 /Applications/MAMP/htdocs/Yii Root/framework/web/filters/CInlineFilter.php(58): CController->filterAccessControl(Object(CFilterChain))
#15 /Applications/MAMP/htdocs/Yii Root/framework/web/filters/CFilterChain.php(131): CInlineFilter->filter(Object(CFilterChain))
#16 /Applications/MAMP/htdocs/Yii Root/framework/web/CController.php(291): CFilterChain->run()
#17 /Applications/MAMP/htdocs/Yii Root/framework/web/CController.php(265): CController->runActionWithFilters(Object(CInlineAction), Array)
#18 /Applications/MAMP/htdocs/Yii Root/framework/web/CWebApplication.php(282): CController->run('admin')
#19 /Applications/MAMP/htdocs/Yii Root/framework/web/CWebApplication.php(141): CWebApplication->runController('estudiante/admi...')
#20 /Applications/MAMP/htdocs/Yii Root/framework/base/CApplication.php(185): CWebApplication->processRequest()
#21 /Applications/MAMP/htdocs/Proyecto V3/index.php(13): CApplication->run()
#22 {main}
REQUEST_URI=/Proyecto%20V3/index.php?r=estudiante/admin
HTTP_REFERER=http://localhost/Proyecto%20V3/index.php?r=site/login
---
2018/04/03 20:47:16 [error] [exception.CHttpException.404] CHttpException: Unable to resolve the request "views/estudiante". in /Applications/MAMP/htdocs/Yii Root/framework/web/CWebApplication.php:286
Stack trace:
#0 /Applications/MAMP/htdocs/Yii Root/framework/web/CWebApplication.php(141): CWebApplication->runController('views/estudiant...')
#1 /Applications/MAMP/htdocs/Yii Root/framework/base/CApplication.php(185): CWebApplication->processRequest()
#2 /Applications/MAMP/htdocs/Proyecto V3/index.php(13): CApplication->run()
#3 {main}
REQUEST_URI=/Proyecto%20V3/index.php?r=views/estudiante
HTTP_REFERER=http://localhost/Proyecto%20V3/index.php?r=site/index
---
2018/04/03 20:47:35 [error] [exception.CHttpException.404] CHttpException: Unable to resolve the request "views/estudiante/index.php". in /Applications/MAMP/htdocs/Yii Root/framework/web/CWebApplication.php:286
Stack trace:
#0 /Applications/MAMP/htdocs/Yii Root/framework/web/CWebApplication.php(141): CWebApplication->runController('views/estudiant...')
#1 /Applications/MAMP/htdocs/Yii Root/framework/base/CApplication.php(185): CWebApplication->processRequest()
#2 /Applications/MAMP/htdocs/Proyecto V3/index.php(13): CApplication->run()
#3 {main}
REQUEST_URI=/Proyecto%20V3/index.php?r=views/estudiante/index.php
HTTP_REFERER=http://localhost/Proyecto%20V3/index.php?r=site/index
---
2018/04/03 20:47:53 [error] [exception.CHttpException.404] CHttpException: Unable to resolve the request "views/estudiante/index.php". in /Applications/MAMP/htdocs/Yii Root/framework/web/CWebApplication.php:286
Stack trace:
#0 /Applications/MAMP/htdocs/Yii Root/framework/web/CWebApplication.php(141): CWebApplication->runController('views/estudiant...')
#1 /Applications/MAMP/htdocs/Yii Root/framework/base/CApplication.php(185): CWebApplication->processRequest()
#2 /Applications/MAMP/htdocs/Proyecto V3/index.php(13): CApplication->run()
#3 {main}
REQUEST_URI=/Proyecto%20V3/index.php?r=views/estudiante/index.php
HTTP_REFERER=http://localhost/Proyecto%20V3/index.php?r=site/index
---
2018/04/03 20:49:01 [error] [exception.CHttpException.404] CHttpException: The system is unable to find the requested action "index.php". in /Applications/MAMP/htdocs/Yii Root/framework/web/CController.php:486
Stack trace:
#0 /Applications/MAMP/htdocs/Yii Root/framework/web/CController.php(270): CController->missingAction('index.php')
#1 /Applications/MAMP/htdocs/Yii Root/framework/web/CWebApplication.php(282): CController->run('index.php')
#2 /Applications/MAMP/htdocs/Yii Root/framework/web/CWebApplication.php(141): CWebApplication->runController('estudiante/inde...')
#3 /Applications/MAMP/htdocs/Yii Root/framework/base/CApplication.php(185): CWebApplication->processRequest()
#4 /Applications/MAMP/htdocs/Proyecto V3/index.php(13): CApplication->run()
#5 {main}
REQUEST_URI=/Proyecto%20V3/index.php?r=estudiante/index.php
HTTP_REFERER=http://localhost/Proyecto%20V3/index.php?r=site/index
---
2019/01/27 12:45:31 [error] [exception.CDbException] CDbException: CDbConnection failed to open the DB connection: SQLSTATE[HY000] [1045] Access denied for user 'id4900667_root'@'localhost' (using password: YES) in /Applications/MAMP/htdocs/Personal/paginas/Yii Root/framework/db/CDbConnection.php:399
Stack trace:
#0 /Applications/MAMP/htdocs/Personal/paginas/Yii Root/framework/db/CDbConnection.php(347): CDbConnection->open()
#1 /Applications/MAMP/htdocs/Personal/paginas/Yii Root/framework/db/CDbConnection.php(325): CDbConnection->setActive(true)
#2 /Applications/MAMP/htdocs/Personal/paginas/Yii Root/framework/base/CModule.php(394): CDbConnection->init()
#3 /Applications/MAMP/htdocs/Personal/paginas/Yii Root/framework/base/CApplication.php(459): CModule->getComponent('db')
#4 /Applications/MAMP/htdocs/Personal/paginas/Yii Root/framework/db/ar/CActiveRecord.php(639): CApplication->getDb()
#5 /Applications/MAMP/htdocs/Personal/paginas/Yii Root/framework/db/ar/CActiveRecord.php(672): CActiveRecord->getDbConnection()
#6 /Applications/MAMP/htdocs/Personal/paginas/Yii Root/framework/db/ar/CActiveRecord.php(1604): CActiveRecord->getCommandBuilder()
#7 /Applications/MAMP/htdocs/Personal/paginas/Yii Root/framework/web/CActiveDataProvider.php(228): CActiveRecord->count(Object(CDbCriteria))
#8 /Applications/MAMP/htdocs/Personal/paginas/Yii Root/framework/web/CDataProvider.php(224): CActiveDataProvider->calculateTotalItemCount()
#9 /Applications/MAMP/htdocs/Personal/paginas/Yii Root/framework/web/CActiveDataProvider.php(178): CDataProvider->getTotalItemCount()
#10 /Applications/MAMP/htdocs/Personal/paginas/Yii Root/framework/web/CDataProvider.php(168): CActiveDataProvider->fetchData()
#11 /Applications/MAMP/htdocs/Personal/paginas/Yii Root/framework/zii/widgets/CBaseListView.php(125): CDataProvider->getData()
#12 /Applications/MAMP/htdocs/Personal/paginas/Yii Root/framework/zii/widgets/CListView.php(211): CBaseListView->init()
#13 /Applications/MAMP/htdocs/Personal/paginas/Yii Root/framework/web/CBaseController.php(147): CListView->init()
#14 /Applications/MAMP/htdocs/Personal/paginas/Yii Root/framework/web/CBaseController.php(181): CBaseController->createWidget('zii.widgets.CLi...', Array)
#15 /Applications/MAMP/htdocs/Personal/paginas/Proyecto V3/protected/views/estudiante/index.php(19): CBaseController->widget('zii.widgets.CLi...', Array)
#16 /Applications/MAMP/htdocs/Personal/paginas/Yii Root/framework/web/CBaseController.php(126): require('/Applications/M...')
#17 /Applications/MAMP/htdocs/Personal/paginas/Yii Root/framework/web/CBaseController.php(95): CBaseController->renderInternal('/Applications/M...', Array, true)
#18 /Applications/MAMP/htdocs/Personal/paginas/Yii Root/framework/web/CController.php(872): CBaseController->renderFile('/Applications/M...', Array, true)
#19 /Applications/MAMP/htdocs/Personal/paginas/Yii Root/framework/web/CController.php(785): CController->renderPartial('index', Array, true)
#20 /Applications/MAMP/htdocs/Personal/paginas/Proyecto V3/protected/controllers/EstudianteController.php(127): CController->render('index', Array)
#21 /Applications/MAMP/htdocs/Personal/paginas/Yii Root/framework/web/actions/CInlineAction.php(49): EstudianteController->actionIndex()
#22 /Applications/MAMP/htdocs/Personal/paginas/Yii Root/framework/web/CController.php(308): CInlineAction->runWithParams(Array)
#23 /Applications/MAMP/htdocs/Personal/paginas/Yii Root/framework/web/filters/CFilterChain.php(134): CController->runAction(Object(CInlineAction))
#24 /Applications/MAMP/htdocs/Personal/paginas/Yii Root/framework/web/filters/CFilter.php(40): CFilterChain->run()
#25 /Applications/MAMP/htdocs/Personal/paginas/Yii Root/framework/web/CController.php(1148): CFilter->filter(Object(CFilterChain))
#26 /Applications/MAMP/htdocs/Personal/paginas/Yii Root/framework/web/filters/CInlineFilter.php(58): CController->filterAccessControl(Object(CFilterChain))
#27 /Applications/MAMP/htdocs/Personal/paginas/Yii Root/framework/web/filters/CFilterChain.php(131): CInlineFilter->filter(Object(CFilterChain))
#28 /Applications/MAMP/htdocs/Personal/paginas/Yii Root/framework/web/CController.php(291): CFilterChain->run()
#29 /Applications/MAMP/htdocs/Personal/paginas/Yii Root/framework/web/CController.php(265): CController->runActionWithFilters(Object(CInlineAction), Array)
#30 /Applications/MAMP/htdocs/Personal/paginas/Yii Root/framework/web/CWebApplication.php(282): CController->run('index')
#31 /Applications/MAMP/htdocs/Personal/paginas/Yii Root/framework/web/CWebApplication.php(141): CWebApplication->runController('estudiante/inde...')
#32 /Applications/MAMP/htdocs/Personal/paginas/Yii Root/framework/base/CApplication.php(185): CWebApplication->processRequest()
#33 /Applications/MAMP/htdocs/Personal/paginas/Proyecto V3/index.php(13): CApplication->run()
#34 {main}
REQUEST_URI=/Personal/paginas/Proyecto%20V3/index.php?r=estudiante/index
HTTP_REFERER=http://localhost/Personal/paginas/Proyecto%20V3/index.php
---
